<?xml version="1.0" encoding="UTF-8"?>
<coverage generated="1775435157331" clover="3.2.0">
  <project timestamp="1775435157331" name="All files">
    <metrics statements="11" coveredstatements="11" conditionals="1" coveredconditionals="1" methods="4" coveredmethods="4" elements="16" coveredelements="16" complexity="0" loc="11" ncloc="11" packages="1" files="2" classes="2"/>
    <file name="delay.ts" path="D:\Work\Node.js\Lab02\src\functions\delay.ts">
      <metrics statements="3" coveredstatements="3" conditionals="0" coveredconditionals="0" methods="2" coveredmethods="2"/>
      <line num="1" count="1" type="stmt"/>
      <line num="2" count="4" type="stmt"/>
      <line num="3" count="4" type="stmt"/>
    </file>
    <file name="fetchUserProfiles.ts" path="D:\Work\Node.js\Lab02\src\functions\fetchUserProfiles.ts">
      <metrics statements="8" coveredstatements="8" conditionals="1" coveredconditionals="1" methods="2" coveredmethods="2"/>
      <line num="4" count="1" type="stmt"/>
      <line num="5" count="3" type="cond" truecount="1" falsecount="0"/>
      <line num="6" count="1" type="stmt"/>
      <line num="9" count="2" type="stmt"/>
      <line num="10" count="4" type="stmt"/>
      <line num="11" count="4" type="stmt"/>
      <line num="13" count="4" type="stmt"/>
      <line num="20" count="2" type="stmt"/>
    </file>
  </project>
</coverage>
