<?xml version="1.0" encoding="UTF-8"?>
<coverage generated="1775437442955" clover="3.2.0">
  <project timestamp="1775437442955" name="All files">
    <metrics statements="42" coveredstatements="42" conditionals="8" coveredconditionals="8" methods="9" coveredmethods="9" elements="59" coveredelements="59" complexity="0" loc="42" ncloc="42" packages="1" files="5" classes="5"/>
    <file name="delay.ts" path="D:\Work\Node.js\Lab02\src\functions\delay.ts">
      <metrics statements="3" coveredstatements="3" conditionals="0" coveredconditionals="0" methods="2" coveredmethods="2"/>
      <line num="1" count="2" type="stmt"/>
      <line num="2" count="9" type="stmt"/>
      <line num="3" count="9" type="stmt"/>
    </file>
    <file name="fetchUserProfiles.ts" path="D:\Work\Node.js\Lab02\src\functions\fetchUserProfiles.ts">
      <metrics statements="8" coveredstatements="8" conditionals="1" coveredconditionals="1" methods="2" coveredmethods="2"/>
      <line num="4" count="1" type="stmt"/>
      <line num="5" count="3" type="cond" truecount="1" falsecount="0"/>
      <line num="6" count="1" type="stmt"/>
      <line num="9" count="2" type="stmt"/>
      <line num="10" count="4" type="stmt"/>
      <line num="11" count="4" type="stmt"/>
      <line num="13" count="4" type="stmt"/>
      <line num="20" count="2" type="stmt"/>
    </file>
    <file name="processInBatches.ts" path="D:\Work\Node.js\Lab02\src\functions\processInBatches.ts">
      <metrics statements="14" coveredstatements="14" conditionals="3" coveredconditionals="3" methods="1" coveredmethods="1"/>
      <line num="3" count="1" type="stmt"/>
      <line num="8" count="4" type="cond" truecount="1" falsecount="0"/>
      <line num="9" count="1" type="stmt"/>
      <line num="12" count="3" type="stmt"/>
      <line num="13" count="3" type="stmt"/>
      <line num="15" count="3" type="stmt"/>
      <line num="16" count="6" type="stmt"/>
      <line num="17" count="6" type="stmt"/>
      <line num="19" count="6" type="stmt"/>
      <line num="21" count="6" type="cond" truecount="2" falsecount="0"/>
      <line num="22" count="3" type="stmt"/>
      <line num="24" count="3" type="stmt"/>
      <line num="25" count="3" type="stmt"/>
      <line num="29" count="3" type="stmt"/>
    </file>
    <file name="raceWithTimeout.ts" path="D:\Work\Node.js\Lab02\src\functions\raceWithTimeout.ts">
      <metrics statements="7" coveredstatements="7" conditionals="0" coveredconditionals="0" methods="3" coveredmethods="3"/>
      <line num="3" count="1" type="stmt"/>
      <line num="7" count="3" type="stmt"/>
      <line num="8" count="3" type="stmt"/>
      <line num="9" count="2" type="stmt"/>
      <line num="10" count="2" type="stmt"/>
      <line num="11" count="2" type="stmt"/>
      <line num="15" count="3" type="stmt"/>
    </file>
    <file name="retryOperation.ts" path="D:\Work\Node.js\Lab02\src\functions\retryOperation.ts">
      <metrics statements="10" coveredstatements="10" conditionals="4" coveredconditionals="4" methods="1" coveredmethods="1"/>
      <line num="4" count="1" type="stmt"/>
      <line num="8" count="4" type="stmt"/>
      <line num="10" count="4" type="stmt"/>
      <line num="11" count="9" type="stmt"/>
      <line num="12" count="9" type="stmt"/>
      <line num="13" count="9" type="stmt"/>
      <line num="15" count="8" type="cond" truecount="2" falsecount="0"/>
      <line num="17" count="8" type="cond" truecount="1" falsecount="0"/>
      <line num="18" count="5" type="stmt"/>
      <line num="23" count="3" type="stmt"/>
    </file>
  </project>
</coverage>
