{"D:\\Work\\Node.js\\Lab02\\src\\functions\\delay.ts": {"path":"D:\\Work\\Node.js\\Lab02\\src\\functions\\delay.ts","statementMap":{"0":{"start":{"line":1,"column":21},"end":{"line":5,"column":1}},"1":{"start":{"line":2,"column":4},"end":{"line":4,"column":7}},"2":{"start":{"line":3,"column":8},"end":{"line":3,"column":37}}},"fnMap":{"0":{"name":"(anonymous_0)","decl":{"start":{"line":1,"column":21},"end":{"line":1,"column":22}},"loc":{"start":{"line":1,"column":51},"end":{"line":5,"column":1}}},"1":{"name":"(anonymous_1)","decl":{"start":{"line":2,"column":23},"end":{"line":2,"column":30}},"loc":{"start":{"line":2,"column":33},"end":{"line":4,"column":5}}}},"branchMap":{},"s":{"0":2,"1":9,"2":9},"f":{"0":9,"1":9},"b":{}}
,"D:\\Work\\Node.js\\Lab02\\src\\functions\\fetchUserProfiles.ts": {"path":"D:\\Work\\Node.js\\Lab02\\src\\functions\\fetchUserProfiles.ts","statementMap":{"0":{"start":{"line":4,"column":33},"end":{"line":21,"column":1}},"1":{"start":{"line":5,"column":4},"end":{"line":7,"column":5}},"2":{"start":{"line":6,"column":8},"end":{"line":6,"column":51}},"3":{"start":{"line":9,"column":28},"end":{"line":18,"column":6}},"4":{"start":{"line":10,"column":28},"end":{"line":10,"column":64}},"5":{"start":{"line":11,"column":8},"end":{"line":11,"column":33}},"6":{"start":{"line":13,"column":8},"end":{"line":17,"column":10}},"7":{"start":{"line":20,"column":4},"end":{"line":20,"column":46}}},"fnMap":{"0":{"name":"(anonymous_0)","decl":{"start":{"line":4,"column":33},"end":{"line":4,"column":38}},"loc":{"start":{"line":4,"column":85},"end":{"line":21,"column":1}}},"1":{"name":"(anonymous_1)","decl":{"start":{"line":9,"column":40},"end":{"line":9,"column":45}},"loc":{"start":{"line":9,"column":83},"end":{"line":18,"column":5}}}},"branchMap":{"0":{"loc":{"start":{"line":5,"column":4},"end":{"line":7,"column":5}},"type":"if","locations":[{"start":{"line":5,"column":4},"end":{"line":7,"column":5}}]}},"s":{"0":1,"1":3,"2":1,"3":2,"4":4,"5":4,"6":4,"7":2},"f":{"0":3,"1":4},"b":{"0":[1]}}
,"D:\\Work\\Node.js\\Lab02\\src\\functions\\processInBatches.ts": {"path":"D:\\Work\\Node.js\\Lab02\\src\\functions\\processInBatches.ts","statementMap":{"0":{"start":{"line":3,"column":32},"end":{"line":30,"column":1}},"1":{"start":{"line":8,"column":4},"end":{"line":10,"column":5}},"2":{"start":{"line":9,"column":8},"end":{"line":9,"column":18}},"3":{"start":{"line":12,"column":25},"end":{"line":12,"column":27}},"4":{"start":{"line":13,"column":25},"end":{"line":13,"column":60}},"5":{"start":{"line":15,"column":4},"end":{"line":27,"column":5}},"6":{"start":{"line":15,"column":17},"end":{"line":15,"column":18}},"7":{"start":{"line":16,"column":28},"end":{"line":16,"column":57}},"8":{"start":{"line":17,"column":22},"end":{"line":17,"column":75}},"9":{"start":{"line":19,"column":8},"end":{"line":19,"column":72}},"10":{"start":{"line":21,"column":8},"end":{"line":26,"column":9}},"11":{"start":{"line":22,"column":12},"end":{"line":22,"column":35}},"12":{"start":{"line":24,"column":35},"end":{"line":24,"column":57}},"13":{"start":{"line":25,"column":12},"end":{"line":25,"column":44}},"14":{"start":{"line":29,"column":4},"end":{"line":29,"column":19}}},"fnMap":{"0":{"name":"(anonymous_0)","decl":{"start":{"line":3,"column":32},"end":{"line":3,"column":37}},"loc":{"start":{"line":7,"column":18},"end":{"line":30,"column":1}}}},"branchMap":{"0":{"loc":{"start":{"line":8,"column":4},"end":{"line":10,"column":5}},"type":"if","locations":[{"start":{"line":8,"column":4},"end":{"line":10,"column":5}}]},"1":{"loc":{"start":{"line":21,"column":8},"end":{"line":26,"column":9}},"type":"if","locations":[{"start":{"line":21,"column":8},"end":{"line":26,"column":9}},{"start":{"line":23,"column":15},"end":{"line":26,"column":9}}]}},"s":{"0":1,"1":4,"2":1,"3":3,"4":3,"5":3,"6":3,"7":6,"8":6,"9":6,"10":6,"11":3,"12":3,"13":3,"14":3},"f":{"0":4},"b":{"0":[1],"1":[3,3]}}
,"D:\\Work\\Node.js\\Lab02\\src\\functions\\raceWithTimeout.ts": {"path":"D:\\Work\\Node.js\\Lab02\\src\\functions\\raceWithTimeout.ts","statementMap":{"0":{"start":{"line":3,"column":31},"end":{"line":16,"column":1}},"1":{"start":{"line":7,"column":27},"end":{"line":13,"column":6}},"2":{"start":{"line":8,"column":8},"end":{"line":12,"column":22}},"3":{"start":{"line":9,"column":26},"end":{"line":9,"column":95}},"4":{"start":{"line":10,"column":12},"end":{"line":10,"column":40}},"5":{"start":{"line":11,"column":12},"end":{"line":11,"column":26}},"6":{"start":{"line":15,"column":4},"end":{"line":15,"column":57}}},"fnMap":{"0":{"name":"(anonymous_0)","decl":{"start":{"line":3,"column":31},"end":{"line":3,"column":36}},"loc":{"start":{"line":6,"column":16},"end":{"line":16,"column":1}}},"1":{"name":"(anonymous_1)","decl":{"start":{"line":7,"column":46},"end":{"line":7,"column":47}},"loc":{"start":{"line":7,"column":60},"end":{"line":13,"column":5}}},"2":{"name":"(anonymous_2)","decl":{"start":{"line":8,"column":19},"end":{"line":8,"column":22}},"loc":{"start":{"line":8,"column":24},"end":{"line":12,"column":9}}}},"branchMap":{},"s":{"0":1,"1":3,"2":3,"3":2,"4":2,"5":2,"6":3},"f":{"0":3,"1":3,"2":2},"b":{}}
,"D:\\Work\\Node.js\\Lab02\\src\\functions\\retryOperation.ts": {"path":"D:\\Work\\Node.js\\Lab02\\src\\functions\\retryOperation.ts","statementMap":{"0":{"start":{"line":4,"column":30},"end":{"line":24,"column":1}},"1":{"start":{"line":8,"column":27},"end":{"line":8,"column":53}},"2":{"start":{"line":10,"column":4},"end":{"line":21,"column":5}},"3":{"start":{"line":10,"column":23},"end":{"line":10,"column":24}},"4":{"start":{"line":11,"column":8},"end":{"line":20,"column":9}},"5":{"start":{"line":12,"column":12},"end":{"line":12,"column":48}},"6":{"start":{"line":13,"column":12},"end":{"line":13,"column":37}},"7":{"start":{"line":15,"column":12},"end":{"line":15,"column":82}},"8":{"start":{"line":17,"column":12},"end":{"line":19,"column":13}},"9":{"start":{"line":18,"column":16},"end":{"line":18,"column":33}},"10":{"start":{"line":23,"column":4},"end":{"line":23,"column":20}}},"fnMap":{"0":{"name":"(anonymous_0)","decl":{"start":{"line":4,"column":30},"end":{"line":4,"column":35}},"loc":{"start":{"line":7,"column":16},"end":{"line":24,"column":1}}}},"branchMap":{"0":{"loc":{"start":{"line":6,"column":4},"end":{"line":6,"column":26}},"type":"default-arg","locations":[{"start":{"line":6,"column":25},"end":{"line":6,"column":26}}]},"1":{"loc":{"start":{"line":15,"column":24},"end":{"line":15,"column":81}},"type":"cond-expr","locations":[{"start":{"line":15,"column":49},"end":{"line":15,"column":54}},{"start":{"line":15,"column":57},"end":{"line":15,"column":81}}]},"2":{"loc":{"start":{"line":17,"column":12},"end":{"line":19,"column":13}},"type":"if","locations":[{"start":{"line":17,"column":12},"end":{"line":19,"column":13}}]}},"s":{"0":1,"1":4,"2":4,"3":4,"4":9,"5":9,"6":9,"7":8,"8":8,"9":5,"10":3},"f":{"0":4},"b":{"0":[1],"1":[7,1],"2":[5]}}
}
