TN:
SF:src\functions\delay.ts
FN:1,(anonymous_0)
FN:2,(anonymous_1)
FNF:2
FNH:2
FNDA:9,(anonymous_0)
FNDA:9,(anonymous_1)
DA:1,2
DA:2,9
DA:3,9
LF:3
LH:3
BRF:0
BRH:0
end_of_record
TN:
SF:src\functions\fetchUserProfiles.ts
FN:4,(anonymous_0)
FN:9,(anonymous_1)
FNF:2
FNH:2
FNDA:3,(anonymous_0)
FNDA:4,(anonymous_1)
DA:4,1
DA:5,3
DA:6,1
DA:9,2
DA:10,4
DA:11,4
DA:13,4
DA:20,2
LF:8
LH:8
BRDA:5,0,0,1
BRF:1
BRH:1
end_of_record
TN:
SF:src\functions\processInBatches.ts
FN:3,(anonymous_0)
FNF:1
FNH:1
FNDA:4,(anonymous_0)
DA:3,1
DA:8,4
DA:9,1
DA:12,3
DA:13,3
DA:15,3
DA:16,6
DA:17,6
DA:19,6
DA:21,6
DA:22,3
DA:24,3
DA:25,3
DA:29,3
LF:14
LH:14
BRDA:8,0,0,1
BRDA:21,1,0,3
BRDA:21,1,1,3
BRF:3
BRH:3
end_of_record
TN:
SF:src\functions\raceWithTimeout.ts
FN:3,(anonymous_0)
FN:7,(anonymous_1)
FN:8,(anonymous_2)
FNF:3
FNH:3
FNDA:3,(anonymous_0)
FNDA:3,(anonymous_1)
FNDA:2,(anonymous_2)
DA:3,1
DA:7,3
DA:8,3
DA:9,2
DA:10,2
DA:11,2
DA:15,3
LF:7
LH:7
BRF:0
BRH:0
end_of_record
TN:
SF:src\functions\retryOperation.ts
FN:4,(anonymous_0)
FNF:1
FNH:1
FNDA:4,(anonymous_0)
DA:4,1
DA:8,4
DA:10,4
DA:11,9
DA:12,9
DA:13,9
DA:15,8
DA:17,8
DA:18,5
DA:23,3
LF:10
LH:10
BRDA:6,0,0,1
BRDA:15,1,0,7
BRDA:15,1,1,1
BRDA:17,2,0,5
BRF:4
BRH:4
end_of_record
